<?xml version="1.0" encoding="UTF-8"?>
<coverage generated="1625813326920" clover="3.2.0">
  <project timestamp="1625813326920" name="All files">
    <metrics statements="9" coveredstatements="9" conditionals="10" coveredconditionals="10" methods="1" coveredmethods="1" elements="20" coveredelements="20" complexity="0" loc="9" ncloc="9" packages="1" files="1" classes="1"/>
    <file name="index.js" path="D:\code\DetermineDataType\src\index.js">
      <metrics statements="9" coveredstatements="9" conditionals="10" coveredconditionals="10" methods="1" coveredmethods="1"/>
      <line num="1" count="1" type="stmt"/>
      <line num="3" count="15" type="cond" truecount="2" falsecount="0"/>
      <line num="4" count="7" type="cond" truecount="2" falsecount="0"/>
      <line num="5" count="6" type="cond" truecount="2" falsecount="0"/>
      <line num="6" count="4" type="cond" truecount="2" falsecount="0"/>
      <line num="7" count="3" type="cond" truecount="2" falsecount="0"/>
      <line num="8" count="2" type="stmt"/>
      <line num="10" count="8" type="stmt"/>
      <line num="14" count="1" type="stmt"/>
    </file>
  </project>
</coverage>
