{"D:\\code\\DetermineDataType\\src\\index.js":{"path":"D:\\code\\DetermineDataType\\src\\index.js","s":{"1":1,"2":1,"3":0,"4":1,"5":1,"6":1,"7":0,"8":1,"9":10},"b":{"1":[0,1],"2":[1,0],"3":[1,0],"4":[1,1]},"f":{"1":1,"2":1,"3":10},"fnMap":{"1":{"name":"(anonymous_1)","line":2,"loc":{"start":{"line":2,"column":1},"end":{"line":2,"column":38}}},"2":{"name":"(anonymous_2)","line":14,"loc":{"start":{"line":14,"column":22},"end":{"line":14,"column":34}}},"3":{"name":"dataType","line":17,"loc":{"start":{"line":17,"column":11},"end":{"line":17,"column":36}}}},"statementMap":{"1":{"start":{"line":2,"column":0},"end":{"line":21,"column":2}},"2":{"start":{"line":3,"column":4},"end":{"line":13,"column":5}},"3":{"start":{"line":5,"column":6},"end":{"line":5,"column":26}},"4":{"start":{"line":6,"column":11},"end":{"line":13,"column":5}},"5":{"start":{"line":8,"column":6},"end":{"line":8,"column":33}},"6":{"start":{"line":9,"column":6},"end":{"line":9,"column":46}},"7":{"start":{"line":12,"column":6},"end":{"line":12,"column":37}},"8":{"start":{"line":17,"column":4},"end":{"line":19,"column":5}},"9":{"start":{"line":18,"column":6},"end":{"line":18,"column":78}}},"branchMap":{"1":{"line":3,"type":"if","locations":[{"start":{"line":3,"column":4},"end":{"line":3,"column":4}},{"start":{"line":3,"column":4},"end":{"line":3,"column":4}}]},"2":{"line":3,"type":"binary-expr","locations":[{"start":{"line":3,"column":8},"end":{"line":3,"column":36}},{"start":{"line":3,"column":40},"end":{"line":3,"column":50}}]},"3":{"line":6,"type":"if","locations":[{"start":{"line":6,"column":11},"end":{"line":6,"column":11}},{"start":{"line":6,"column":11},"end":{"line":6,"column":11}}]},"4":{"line":6,"type":"binary-expr","locations":[{"start":{"line":6,"column":15},"end":{"line":6,"column":41}},{"start":{"line":6,"column":45},"end":{"line":6,"column":59}}]}}}}